  
  C:\ProgramData\NVIDIA Corporation\CUDA Samples\v10.1\2_Graphics\magnify_process>"C:\Program Files\NVIDIA GPU Computing Toolkit\CUDA\v10.1\bin\nvcc.exe" -ccbin "C:\Microsoft Visual Studio\VC\Tools\MSVC\14.15.26726\bin\HostX86\x64" -x cu  -I./ -I../../common/inc -I./ -I"C:\Program Files\NVIDIA GPU Computing Toolkit\CUDA\v10.1\/include" -I../../common/inc -I"C:\Program Files\NVIDIA GPU Computing Toolkit\CUDA\v10.1\include"  -G   --keep-dir x64\Debug -maxrregcount=0  --machine 64 --compile  -Xcompiler "/wd 4819" -g   -DWIN32 -DWIN32 -D_MBCS -D_MBCS -Xcompiler "/EHsc /W3 /nologo /Od  /FS /Zi /RTC1 /MTd " -o x64/Debug/magnify.cu.obj "C:\ProgramData\NVIDIA Corporation\CUDA Samples\v10.1\2_Graphics\magnify_process\magnify.cu" -clean 
  magnify.cu
C:\Microsoft Visual Studio\Common7\IDE\VC\VCTargets\Microsoft.CppBuild.targets(391,5): warning MSB8028: 中间目录(x64/Debug/)包含从另一个项目(magnify_demo.vcxproj, simpleGL.vcxproj)共享的文件。   这会导致错误的清除和重新生成行为。
  Compiling CUDA source file magnify.cu...
  
  C:\ProgramData\NVIDIA Corporation\CUDA Samples\v10.1\2_Graphics\magnify_process>"C:\Program Files\NVIDIA GPU Computing Toolkit\CUDA\v10.1\bin\nvcc.exe" -gencode=arch=compute_30,code=\"sm_30,compute_30\" -gencode=arch=compute_35,code=\"sm_35,compute_35\" -gencode=arch=compute_37,code=\"sm_37,compute_37\" -gencode=arch=compute_50,code=\"sm_50,compute_50\" -gencode=arch=compute_52,code=\"sm_52,compute_52\" -gencode=arch=compute_60,code=\"sm_60,compute_60\" -gencode=arch=compute_61,code=\"sm_61,compute_61\" -gencode=arch=compute_70,code=\"sm_70,compute_70\" -gencode=arch=compute_75,code=\"sm_75,compute_75\" --use-local-env -ccbin "C:\Microsoft Visual Studio\VC\Tools\MSVC\14.15.26726\bin\HostX86\x64" -x cu  -I./ -I../../common/inc -I./ -I"C:\Program Files\NVIDIA GPU Computing Toolkit\CUDA\v10.1\/include" -I../../common/inc -I"C:\Program Files\NVIDIA GPU Computing Toolkit\CUDA\v10.1\include"  -G   --keep-dir x64\Debug -maxrregcount=0  --machine 64 --compile -cudart static -Xcompiler "/wd 4819" -g   -DWIN32 -DWIN32 -D_MBCS -D_MBCS -Xcompiler "/EHsc /W3 /nologo /Od /Fdx64/Debug/vc141.pdb /FS /Zi /RTC1 /MTd " -o x64/Debug/magnify.cu.obj "C:\ProgramData\NVIDIA Corporation\CUDA Samples\v10.1\2_Graphics\magnify_process\magnify.cu" 
C:/ProgramData/NVIDIA Corporation/CUDA Samples/v10.1/2_Graphics/magnify_process/magnify.cu(734): warning : transfer of control bypasses initialization of:
C:/ProgramData/NVIDIA Corporation/CUDA Samples/v10.1/2_Graphics/magnify_process/magnify.cu(741): warning : transfer of control bypasses initialization of:
C:/ProgramData/NVIDIA Corporation/CUDA Samples/v10.1/2_Graphics/magnify_process/magnify.cu(748): warning : transfer of control bypasses initialization of:
C:/ProgramData/NVIDIA Corporation/CUDA Samples/v10.1/2_Graphics/magnify_process/magnify.cu(755): warning : transfer of control bypasses initialization of:
C:/ProgramData/NVIDIA Corporation/CUDA Samples/v10.1/2_Graphics/magnify_process/magnify.cu(762): warning : transfer of control bypasses initialization of:
C:/ProgramData/NVIDIA Corporation/CUDA Samples/v10.1/2_Graphics/magnify_process/magnify.cu(769): warning : transfer of control bypasses initialization of:
C:/ProgramData/NVIDIA Corporation/CUDA Samples/v10.1/2_Graphics/magnify_process/magnify.cu(734): warning : transfer of control bypasses initialization of:
C:/ProgramData/NVIDIA Corporation/CUDA Samples/v10.1/2_Graphics/magnify_process/magnify.cu(741): warning : transfer of control bypasses initialization of:
C:/ProgramData/NVIDIA Corporation/CUDA Samples/v10.1/2_Graphics/magnify_process/magnify.cu(748): warning : transfer of control bypasses initialization of:
C:/ProgramData/NVIDIA Corporation/CUDA Samples/v10.1/2_Graphics/magnify_process/magnify.cu(755): warning : transfer of control bypasses initialization of:
C:/ProgramData/NVIDIA Corporation/CUDA Samples/v10.1/2_Graphics/magnify_process/magnify.cu(762): warning : transfer of control bypasses initialization of:
C:/ProgramData/NVIDIA Corporation/CUDA Samples/v10.1/2_Graphics/magnify_process/magnify.cu(769): warning : transfer of control bypasses initialization of:
C:/ProgramData/NVIDIA Corporation/CUDA Samples/v10.1/2_Graphics/magnify_process/magnify.cu(734): warning : transfer of control bypasses initialization of:
C:/ProgramData/NVIDIA Corporation/CUDA Samples/v10.1/2_Graphics/magnify_process/magnify.cu(741): warning : transfer of control bypasses initialization of:
C:/ProgramData/NVIDIA Corporation/CUDA Samples/v10.1/2_Graphics/magnify_process/magnify.cu(748): warning : transfer of control bypasses initialization of:
C:/ProgramData/NVIDIA Corporation/CUDA Samples/v10.1/2_Graphics/magnify_process/magnify.cu(755): warning : transfer of control bypasses initialization of:
C:/ProgramData/NVIDIA Corporation/CUDA Samples/v10.1/2_Graphics/magnify_process/magnify.cu(762): warning : transfer of control bypasses initialization of:
C:/ProgramData/NVIDIA Corporation/CUDA Samples/v10.1/2_Graphics/magnify_process/magnify.cu(769): warning : transfer of control bypasses initialization of:
C:/ProgramData/NVIDIA Corporation/CUDA Samples/v10.1/2_Graphics/magnify_process/magnify.cu(734): warning : transfer of control bypasses initialization of:
C:/ProgramData/NVIDIA Corporation/CUDA Samples/v10.1/2_Graphics/magnify_process/magnify.cu(741): warning : transfer of control bypasses initialization of:
C:/ProgramData/NVIDIA Corporation/CUDA Samples/v10.1/2_Graphics/magnify_process/magnify.cu(748): warning : transfer of control bypasses initialization of:
C:/ProgramData/NVIDIA Corporation/CUDA Samples/v10.1/2_Graphics/magnify_process/magnify.cu(755): warning : transfer of control bypasses initialization of:
C:/ProgramData/NVIDIA Corporation/CUDA Samples/v10.1/2_Graphics/magnify_process/magnify.cu(762): warning : transfer of control bypasses initialization of:
C:/ProgramData/NVIDIA Corporation/CUDA Samples/v10.1/2_Graphics/magnify_process/magnify.cu(769): warning : transfer of control bypasses initialization of:
C:/ProgramData/NVIDIA Corporation/CUDA Samples/v10.1/2_Graphics/magnify_process/magnify.cu(734): warning : transfer of control bypasses initialization of:
C:/ProgramData/NVIDIA Corporation/CUDA Samples/v10.1/2_Graphics/magnify_process/magnify.cu(741): warning : transfer of control bypasses initialization of:
C:/ProgramData/NVIDIA Corporation/CUDA Samples/v10.1/2_Graphics/magnify_process/magnify.cu(748): warning : transfer of control bypasses initialization of:
C:/ProgramData/NVIDIA Corporation/CUDA Samples/v10.1/2_Graphics/magnify_process/magnify.cu(755): warning : transfer of control bypasses initialization of:
C:/ProgramData/NVIDIA Corporation/CUDA Samples/v10.1/2_Graphics/magnify_process/magnify.cu(762): warning : transfer of control bypasses initialization of:
C:/ProgramData/NVIDIA Corporation/CUDA Samples/v10.1/2_Graphics/magnify_process/magnify.cu(769): warning : transfer of control bypasses initialization of:
C:/ProgramData/NVIDIA Corporation/CUDA Samples/v10.1/2_Graphics/magnify_process/magnify.cu(734): warning : transfer of control bypasses initialization of:
C:/ProgramData/NVIDIA Corporation/CUDA Samples/v10.1/2_Graphics/magnify_process/magnify.cu(741): warning : transfer of control bypasses initialization of:
C:/ProgramData/NVIDIA Corporation/CUDA Samples/v10.1/2_Graphics/magnify_process/magnify.cu(748): warning : transfer of control bypasses initialization of:
C:/ProgramData/NVIDIA Corporation/CUDA Samples/v10.1/2_Graphics/magnify_process/magnify.cu(755): warning : transfer of control bypasses initialization of:
C:/ProgramData/NVIDIA Corporation/CUDA Samples/v10.1/2_Graphics/magnify_process/magnify.cu(762): warning : transfer of control bypasses initialization of:
C:/ProgramData/NVIDIA Corporation/CUDA Samples/v10.1/2_Graphics/magnify_process/magnify.cu(769): warning : transfer of control bypasses initialization of:
C:/ProgramData/NVIDIA Corporation/CUDA Samples/v10.1/2_Graphics/magnify_process/magnify.cu(734): warning : transfer of control bypasses initialization of:
C:/ProgramData/NVIDIA Corporation/CUDA Samples/v10.1/2_Graphics/magnify_process/magnify.cu(741): warning : transfer of control bypasses initialization of:
C:/ProgramData/NVIDIA Corporation/CUDA Samples/v10.1/2_Graphics/magnify_process/magnify.cu(748): warning : transfer of control bypasses initialization of:
C:/ProgramData/NVIDIA Corporation/CUDA Samples/v10.1/2_Graphics/magnify_process/magnify.cu(755): warning : transfer of control bypasses initialization of:
C:/ProgramData/NVIDIA Corporation/CUDA Samples/v10.1/2_Graphics/magnify_process/magnify.cu(762): warning : transfer of control bypasses initialization of:
C:/ProgramData/NVIDIA Corporation/CUDA Samples/v10.1/2_Graphics/magnify_process/magnify.cu(769): warning : transfer of control bypasses initialization of:
C:/ProgramData/NVIDIA Corporation/CUDA Samples/v10.1/2_Graphics/magnify_process/magnify.cu(734): warning : transfer of control bypasses initialization of:
C:/ProgramData/NVIDIA Corporation/CUDA Samples/v10.1/2_Graphics/magnify_process/magnify.cu(741): warning : transfer of control bypasses initialization of:
C:/ProgramData/NVIDIA Corporation/CUDA Samples/v10.1/2_Graphics/magnify_process/magnify.cu(748): warning : transfer of control bypasses initialization of:
C:/ProgramData/NVIDIA Corporation/CUDA Samples/v10.1/2_Graphics/magnify_process/magnify.cu(755): warning : transfer of control bypasses initialization of:
C:/ProgramData/NVIDIA Corporation/CUDA Samples/v10.1/2_Graphics/magnify_process/magnify.cu(762): warning : transfer of control bypasses initialization of:
C:/ProgramData/NVIDIA Corporation/CUDA Samples/v10.1/2_Graphics/magnify_process/magnify.cu(769): warning : transfer of control bypasses initialization of:
C:/ProgramData/NVIDIA Corporation/CUDA Samples/v10.1/2_Graphics/magnify_process/magnify.cu(734): warning : transfer of control bypasses initialization of:
C:/ProgramData/NVIDIA Corporation/CUDA Samples/v10.1/2_Graphics/magnify_process/magnify.cu(741): warning : transfer of control bypasses initialization of:
C:/ProgramData/NVIDIA Corporation/CUDA Samples/v10.1/2_Graphics/magnify_process/magnify.cu(748): warning : transfer of control bypasses initialization of:
C:/ProgramData/NVIDIA Corporation/CUDA Samples/v10.1/2_Graphics/magnify_process/magnify.cu(755): warning : transfer of control bypasses initialization of:
C:/ProgramData/NVIDIA Corporation/CUDA Samples/v10.1/2_Graphics/magnify_process/magnify.cu(762): warning : transfer of control bypasses initialization of:
C:/ProgramData/NVIDIA Corporation/CUDA Samples/v10.1/2_Graphics/magnify_process/magnify.cu(769): warning : transfer of control bypasses initialization of:
C:/ProgramData/NVIDIA Corporation/CUDA Samples/v10.1/2_Graphics/magnify_process/magnify.cu(734): warning : transfer of control bypasses initialization of:
C:/ProgramData/NVIDIA Corporation/CUDA Samples/v10.1/2_Graphics/magnify_process/magnify.cu(741): warning : transfer of control bypasses initialization of:
C:/ProgramData/NVIDIA Corporation/CUDA Samples/v10.1/2_Graphics/magnify_process/magnify.cu(748): warning : transfer of control bypasses initialization of:
C:/ProgramData/NVIDIA Corporation/CUDA Samples/v10.1/2_Graphics/magnify_process/magnify.cu(755): warning : transfer of control bypasses initialization of:
C:/ProgramData/NVIDIA Corporation/CUDA Samples/v10.1/2_Graphics/magnify_process/magnify.cu(762): warning : transfer of control bypasses initialization of:
C:/ProgramData/NVIDIA Corporation/CUDA Samples/v10.1/2_Graphics/magnify_process/magnify.cu(769): warning : transfer of control bypasses initialization of:
  magnify.cu
C:/ProgramData/NVIDIA Corporation/CUDA Samples/v10.1/2_Graphics/magnify_process/magnify.cu(88): warning C4244: “=”: 从“double”转换到“float”，可能丢失数据
C:/ProgramData/NVIDIA Corporation/CUDA Samples/v10.1/2_Graphics/magnify_process/magnify.cu(89): warning C4244: “=”: 从“double”转换到“float”，可能丢失数据
C:/ProgramData/NVIDIA Corporation/CUDA Samples/v10.1/2_Graphics/magnify_process/magnify.cu(168): warning C4244: “+=”: 从“double”转换到“float”，可能丢失数据
C:/ProgramData/NVIDIA Corporation/CUDA Samples/v10.1/2_Graphics/magnify_process/magnify.cu(216): warning C4244: “+=”: 从“double”转换到“float”，可能丢失数据
C:/ProgramData/NVIDIA Corporation/CUDA Samples/v10.1/2_Graphics/magnify_process/magnify.cu(223): warning C4244: “=”: 从“double”转换到“float”，可能丢失数据
C:/ProgramData/NVIDIA Corporation/CUDA Samples/v10.1/2_Graphics/magnify_process/magnify.cu(224): warning C4244: “=”: 从“double”转换到“float”，可能丢失数据
C:/ProgramData/NVIDIA Corporation/CUDA Samples/v10.1/2_Graphics/magnify_process/magnify.cu(241): warning C4244: “初始化”: 从“double”转换到“float”，可能丢失数据
C:/ProgramData/NVIDIA Corporation/CUDA Samples/v10.1/2_Graphics/magnify_process/magnify.cu(242): warning C4244: “初始化”: 从“double”转换到“float”，可能丢失数据
C:/ProgramData/NVIDIA Corporation/CUDA Samples/v10.1/2_Graphics/magnify_process/magnify.cu(247): warning C4244: “=”: 从“double”转换到“float”，可能丢失数据
C:/ProgramData/NVIDIA Corporation/CUDA Samples/v10.1/2_Graphics/magnify_process/magnify.cu(248): warning C4244: “=”: 从“double”转换到“float”，可能丢失数据
C:/ProgramData/NVIDIA Corporation/CUDA Samples/v10.1/2_Graphics/magnify_process/magnify.cu(257): warning C4244: “初始化”: 从“double”转换到“float”，可能丢失数据
C:/ProgramData/NVIDIA Corporation/CUDA Samples/v10.1/2_Graphics/magnify_process/magnify.cu(258): warning C4244: “初始化”: 从“double”转换到“float”，可能丢失数据
C:/ProgramData/NVIDIA Corporation/CUDA Samples/v10.1/2_Graphics/magnify_process/magnify.cu(265): warning C4244: “初始化”: 从“double”转换到“float”，可能丢失数据
C:/ProgramData/NVIDIA Corporation/CUDA Samples/v10.1/2_Graphics/magnify_process/magnify.cu(266): warning C4244: “初始化”: 从“double”转换到“float”，可能丢失数据
C:/ProgramData/NVIDIA Corporation/CUDA Samples/v10.1/2_Graphics/magnify_process/magnify.cu(272): warning C4244: “初始化”: 从“double”转换到“float”，可能丢失数据
C:/ProgramData/NVIDIA Corporation/CUDA Samples/v10.1/2_Graphics/magnify_process/magnify.cu(276): warning C4244: “=”: 从“double”转换到“float”，可能丢失数据
C:/ProgramData/NVIDIA Corporation/CUDA Samples/v10.1/2_Graphics/magnify_process/magnify.cu(280): warning C4244: “初始化”: 从“double”转换到“float”，可能丢失数据
C:/ProgramData/NVIDIA Corporation/CUDA Samples/v10.1/2_Graphics/magnify_process/magnify.cu(362): warning C4244: “+=”: 从“double”转换到“float”，可能丢失数据
C:/ProgramData/NVIDIA Corporation/CUDA Samples/v10.1/2_Graphics/magnify_process/magnify.cu(363): warning C4244: “+=”: 从“double”转换到“float”，可能丢失数据
C:/ProgramData/NVIDIA Corporation/CUDA Samples/v10.1/2_Graphics/magnify_process/magnify.cu(364): warning C4244: “-=”: 从“double”转换到“float”，可能丢失数据
C:/ProgramData/NVIDIA Corporation/CUDA Samples/v10.1/2_Graphics/magnify_process/magnify.cu(365): warning C4244: “-=”: 从“double”转换到“float”，可能丢失数据
C:/ProgramData/NVIDIA Corporation/CUDA Samples/v10.1/2_Graphics/magnify_process/magnify.cu(403): warning C4244: “+=”: 从“double”转换到“float”，可能丢失数据
C:/ProgramData/NVIDIA Corporation/CUDA Samples/v10.1/2_Graphics/magnify_process/magnify.cu(404): warning C4244: “+=”: 从“double”转换到“float”，可能丢失数据
C:/ProgramData/NVIDIA Corporation/CUDA Samples/v10.1/2_Graphics/magnify_process/magnify.cu(405): warning C4244: “-=”: 从“double”转换到“float”，可能丢失数据
C:/ProgramData/NVIDIA Corporation/CUDA Samples/v10.1/2_Graphics/magnify_process/magnify.cu(406): warning C4244: “-=”: 从“double”转换到“float”，可能丢失数据
C:/ProgramData/NVIDIA Corporation/CUDA Samples/v10.1/2_Graphics/magnify_process/magnify.cu(411): warning C4305: “初始化”: 从“double”到“float”截断
C:/ProgramData/NVIDIA Corporation/CUDA Samples/v10.1/2_Graphics/magnify_process/magnify.cu(464): warning C4244: “+=”: 从“double”转换到“float”，可能丢失数据
C:/ProgramData/NVIDIA Corporation/CUDA Samples/v10.1/2_Graphics/magnify_process/magnify.cu(814): warning C4533: “goto grid”跳过了“Error”的初始化操作
  C:/ProgramData/NVIDIA Corporation/CUDA Samples/v10.1/2_Graphics/magnify_process/magnify.cu(783): note: 参见“grid”的声明
  C:/ProgramData/NVIDIA Corporation/CUDA Samples/v10.1/2_Graphics/magnify_process/magnify.cu(814): note: 参见“Error”的声明
C:/ProgramData/NVIDIA Corporation/CUDA Samples/v10.1/2_Graphics/magnify_process/magnify.cu(814): warning C4533: “goto block”跳过了“Error”的初始化操作
  C:/ProgramData/NVIDIA Corporation/CUDA Samples/v10.1/2_Graphics/magnify_process/magnify.cu(782): note: 参见“block”的声明
  C:/ProgramData/NVIDIA Corporation/CUDA Samples/v10.1/2_Graphics/magnify_process/magnify.cu(814): note: 参见“Error”的声明
  draw_graph_2d.cpp
c:\programdata\nvidia corporation\cuda samples\v10.1\2_graphics\magnify_process\draw_graph_2d.cpp(198): warning C4244: “=”: 从“double”转换到“float”，可能丢失数据
c:\programdata\nvidia corporation\cuda samples\v10.1\2_graphics\magnify_process\draw_graph_2d.cpp(199): warning C4244: “=”: 从“double”转换到“float”，可能丢失数据
c:\programdata\nvidia corporation\cuda samples\v10.1\2_graphics\magnify_process\draw_graph_2d.cpp(249): warning C4244: “=”: 从“double”转换到“float”，可能丢失数据
c:\programdata\nvidia corporation\cuda samples\v10.1\2_graphics\magnify_process\draw_graph_2d.cpp(252): warning C4305: “=”: 从“double”到“float”截断
c:\programdata\nvidia corporation\cuda samples\v10.1\2_graphics\magnify_process\draw_graph_2d.cpp(255): warning C4305: “=”: 从“double”到“float”截断
c:\programdata\nvidia corporation\cuda samples\v10.1\2_graphics\magnify_process\draw_graph_2d.cpp(259): warning C4244: “=”: 从“double”转换到“float”，可能丢失数据
c:\programdata\nvidia corporation\cuda samples\v10.1\2_graphics\magnify_process\draw_graph_2d.cpp(262): warning C4305: “=”: 从“double”到“float”截断
c:\programdata\nvidia corporation\cuda samples\v10.1\2_graphics\magnify_process\draw_graph_2d.cpp(265): warning C4305: “=”: 从“double”到“float”截断
c:\programdata\nvidia corporation\cuda samples\v10.1\2_graphics\magnify_process\draw_graph_2d.cpp(328): warning C4244: “=”: 从“double”转换到“float”，可能丢失数据
c:\programdata\nvidia corporation\cuda samples\v10.1\2_graphics\magnify_process\draw_graph_2d.cpp(329): warning C4244: “=”: 从“double”转换到“float”，可能丢失数据
c:\programdata\nvidia corporation\cuda samples\v10.1\2_graphics\magnify_process\draw_graph_2d.cpp(347): warning C4305: “=”: 从“double”到“float”截断
c:\programdata\nvidia corporation\cuda samples\v10.1\2_graphics\magnify_process\draw_graph_2d.cpp(348): warning C4305: “=”: 从“double”到“float”截断
c:\programdata\nvidia corporation\cuda samples\v10.1\2_graphics\magnify_process\draw_graph_2d.cpp(335): warning C4996: 'sprintf': This function or variable may be unsafe. Consider using sprintf_s instead. To disable deprecation, use _CRT_SECURE_NO_WARNINGS. See online help for details.
  c:\windows kits\10\include\10.0.17134.0\ucrt\stdio.h(1774): note: 参见“sprintf”的声明
  LINK : 没有找到 ../../bin/win64/Debug//magnify_process.exe 或上一个增量链接没有生成它；正在执行完全链接
    正在创建库 ../../bin/win64/Debug/magnify_process.lib 和对象 ../../bin/win64/Debug/magnify_process.exp
  magnify_process.vcxproj -> C:\ProgramData\NVIDIA Corporation\CUDA Samples\v10.1\2_Graphics\magnify_process\../../bin/win64/Debug/magnify_process.exe
